<?xml version="1.0" encoding="UTF-8"?>
<!-- Generated by org.testng.reporters.JUnitReportReporter -->
<testsuite skipped="0" hostname="DESKTOP-L2S6FMP" name="kajima.venueadmin.runner.TestRunner" tests="6" failures="0" timestamp="03 Jul 2020 12:46:58 GMT" time="0.284" errors="0">
  <testcase name="feature" time="0.014" classname="kajima.venueadmin.runner.TestRunner"/>
  <testcase name="feature" time="0.020" classname="kajima.venueadmin.runner.TestRunner"/>
  <testcase name="feature" time="0.074" classname="kajima.venueadmin.runner.TestRunner"/>
  <testcase name="feature" time="0.034" classname="kajima.venueadmin.runner.TestRunner"/>
  <testcase name="feature" time="0.019" classname="kajima.venueadmin.runner.TestRunner"/>
  <testcase name="feature" time="0.123" classname="kajima.venueadmin.runner.TestRunner"/>
</testsuite> <!-- kajima.venueadmin.runner.TestRunner -->
