<?xml version="1.0" encoding="UTF-8"?>
<!-- Generated by org.testng.reporters.JUnitReportReporter -->
<testsuite skipped="0" hostname="DESKTOP-L2S6FMP" name="kajima.venueadmin.runner.TestRunner" tests="6" failures="0" timestamp="23 Jun 2020 13:40:02 GMT" time="0.302" errors="0">
  <testcase name="feature" time="0.016" classname="kajima.venueadmin.runner.TestRunner"/>
  <testcase name="feature" time="0.026" classname="kajima.venueadmin.runner.TestRunner"/>
  <testcase name="feature" time="0.079" classname="kajima.venueadmin.runner.TestRunner"/>
  <testcase name="feature" time="0.019" classname="kajima.venueadmin.runner.TestRunner"/>
  <testcase name="feature" time="0.021" classname="kajima.venueadmin.runner.TestRunner"/>
  <testcase name="feature" time="0.141" classname="kajima.venueadmin.runner.TestRunner"/>
</testsuite> <!-- kajima.venueadmin.runner.TestRunner -->
