<?xml version="1.0" encoding="UTF-8"?>
<!-- Generated by org.testng.reporters.JUnitReportReporter -->
<testsuite skipped="0" hostname="DESKTOP-L2S6FMP" name="kajima.venueadmin.runner.TestRunner" tests="5" failures="0" timestamp="21 May 2020 14:04:31 GMT" time="0.380" errors="0">
  <testcase name="feature" time="0.045" classname="kajima.venueadmin.runner.TestRunner"/>
  <testcase name="feature" time="0.215" classname="kajima.venueadmin.runner.TestRunner"/>
  <testcase name="feature" time="0.027" classname="kajima.venueadmin.runner.TestRunner"/>
  <testcase name="feature" time="0.062" classname="kajima.venueadmin.runner.TestRunner"/>
  <testcase name="feature" time="0.031" classname="kajima.venueadmin.runner.TestRunner"/>
</testsuite> <!-- kajima.venueadmin.runner.TestRunner -->
