<?xml version="1.0" encoding="UTF-8"?>
<!-- Generated by org.testng.reporters.JUnitReportReporter -->
<testsuite skipped="0" hostname="DESKTOP-L2S6FMP" name="kajima.venueadmin.runner.BAUTestRunner" tests="6" failures="0" timestamp="03 Jul 2020 12:46:19 GMT" time="0.291" errors="0">
  <testcase name="feature" time="0.028" classname="kajima.venueadmin.runner.BAUTestRunner"/>
  <testcase name="feature" time="0.017" classname="kajima.venueadmin.runner.BAUTestRunner"/>
  <testcase name="feature" time="0.060" classname="kajima.venueadmin.runner.BAUTestRunner"/>
  <testcase name="feature" time="0.062" classname="kajima.venueadmin.runner.BAUTestRunner"/>
  <testcase name="feature" time="0.031" classname="kajima.venueadmin.runner.BAUTestRunner"/>
  <testcase name="feature" time="0.093" classname="kajima.venueadmin.runner.BAUTestRunner"/>
</testsuite> <!-- kajima.venueadmin.runner.BAUTestRunner -->
