<?xml version="1.0" encoding="UTF-8"?>
<!-- Generated by org.testng.reporters.JUnitReportReporter -->
<testsuite skipped="0" hostname="DESKTOP-L2S6FMP" name="kajima.venueadmin.runner.BAUTestRunner" tests="5" failures="0" timestamp="24 Jun 2020 15:12:37 GMT" time="0.205" errors="0">
  <testcase name="feature" time="0.025" classname="kajima.venueadmin.runner.BAUTestRunner"/>
  <testcase name="feature" time="0.064" classname="kajima.venueadmin.runner.BAUTestRunner"/>
  <testcase name="feature" time="0.014" classname="kajima.venueadmin.runner.BAUTestRunner"/>
  <testcase name="feature" time="0.010" classname="kajima.venueadmin.runner.BAUTestRunner"/>
  <testcase name="feature" time="0.092" classname="kajima.venueadmin.runner.BAUTestRunner"/>
</testsuite> <!-- kajima.venueadmin.runner.BAUTestRunner -->
