<?xml version="1.0" encoding="UTF-8"?>
<!-- Generated by org.testng.reporters.JUnitReportReporter -->
<testsuite skipped="0" hostname="DESKTOP-L2S6FMP" name="kajima.venueadmin.runner.TestRunner" tests="9" failures="0" timestamp="17 Aug 2020 17:31:21 GMT" time="0.502" errors="0">
  <testcase name="feature" time="0.084" classname="kajima.venueadmin.runner.TestRunner"/>
  <testcase name="feature" time="0.047" classname="kajima.venueadmin.runner.TestRunner"/>
  <testcase name="feature" time="0.078" classname="kajima.venueadmin.runner.TestRunner"/>
  <testcase name="feature" time="0.038" classname="kajima.venueadmin.runner.TestRunner"/>
  <testcase name="feature" time="0.053" classname="kajima.venueadmin.runner.TestRunner"/>
  <testcase name="feature" time="0.031" classname="kajima.venueadmin.runner.TestRunner"/>
  <testcase name="feature" time="0.116" classname="kajima.venueadmin.runner.TestRunner"/>
  <testcase name="feature" time="0.023" classname="kajima.venueadmin.runner.TestRunner"/>
  <testcase name="feature" time="0.032" classname="kajima.venueadmin.runner.TestRunner"/>
</testsuite> <!-- kajima.venueadmin.runner.TestRunner -->
