<?xml version="1.0" encoding="UTF-8"?>
<!-- Generated by org.testng.reporters.JUnitReportReporter -->
<testsuite skipped="0" hostname="DESKTOP-L2S6FMP" name="kajima.venueadmin.runner.TestRunner" tests="6" failures="0" timestamp="25 Jun 2020 15:47:50 GMT" time="0.380" errors="0">
  <testcase name="feature" time="0.039" classname="kajima.venueadmin.runner.TestRunner"/>
  <testcase name="feature" time="0.040" classname="kajima.venueadmin.runner.TestRunner"/>
  <testcase name="feature" time="0.067" classname="kajima.venueadmin.runner.TestRunner"/>
  <testcase name="feature" time="0.089" classname="kajima.venueadmin.runner.TestRunner"/>
  <testcase name="feature" time="0.022" classname="kajima.venueadmin.runner.TestRunner"/>
  <testcase name="feature" time="0.123" classname="kajima.venueadmin.runner.TestRunner"/>
</testsuite> <!-- kajima.venueadmin.runner.TestRunner -->
