<?xml version="1.0" encoding="UTF-8"?>
<!-- Generated by org.testng.reporters.JUnitReportReporter -->
<testsuite skipped="0" hostname="DESKTOP-L2S6FMP" name="kajima.venueadmin.pom_pages.Download_Cap" tests="1" failures="0" timestamp="01 Jun 2020 14:47:12 GMT" time="18.154" errors="0">
  <testcase name="downloadFileTest" time="18.154" classname="kajima.venueadmin.pom_pages.Download_Cap"/>
</testsuite> <!-- kajima.venueadmin.pom_pages.Download_Cap -->
