<?xml version="1.0" encoding="UTF-8"?>
<!-- Generated by org.testng.reporters.JUnitReportReporter -->
<testsuite skipped="0" hostname="DESKTOP-L2S6FMP" name="kajima.venueadmin.runner.BAUTestRunner" tests="6" failures="0" timestamp="25 Jun 2020 15:48:02 GMT" time="0.257" errors="0">
  <testcase name="feature" time="0.016" classname="kajima.venueadmin.runner.BAUTestRunner"/>
  <testcase name="feature" time="0.021" classname="kajima.venueadmin.runner.BAUTestRunner"/>
  <testcase name="feature" time="0.067" classname="kajima.venueadmin.runner.BAUTestRunner"/>
  <testcase name="feature" time="0.037" classname="kajima.venueadmin.runner.BAUTestRunner"/>
  <testcase name="feature" time="0.018" classname="kajima.venueadmin.runner.BAUTestRunner"/>
  <testcase name="feature" time="0.098" classname="kajima.venueadmin.runner.BAUTestRunner"/>
</testsuite> <!-- kajima.venueadmin.runner.BAUTestRunner -->
