<?xml version="1.0" encoding="UTF-8"?>
<!-- Generated by org.testng.reporters.JUnitReportReporter -->
<testsuite skipped="0" hostname="DESKTOP-L2S6FMP" name="kajima.venueadmin.runner.BAUTestRunner" tests="10" failures="0" timestamp="28 Aug 2020 10:14:31 GMT" time="0.509" errors="0">
  <testcase name="feature" time="0.040" classname="kajima.venueadmin.runner.BAUTestRunner"/>
  <testcase name="feature" time="0.080" classname="kajima.venueadmin.runner.BAUTestRunner"/>
  <testcase name="feature" time="0.035" classname="kajima.venueadmin.runner.BAUTestRunner"/>
  <testcase name="feature" time="0.068" classname="kajima.venueadmin.runner.BAUTestRunner"/>
  <testcase name="feature" time="0.040" classname="kajima.venueadmin.runner.BAUTestRunner"/>
  <testcase name="feature" time="0.040" classname="kajima.venueadmin.runner.BAUTestRunner"/>
  <testcase name="feature" time="0.113" classname="kajima.venueadmin.runner.BAUTestRunner"/>
  <testcase name="feature" time="0.020" classname="kajima.venueadmin.runner.BAUTestRunner"/>
  <testcase name="feature" time="0.024" classname="kajima.venueadmin.runner.BAUTestRunner"/>
  <testcase name="feature" time="0.049" classname="kajima.venueadmin.runner.BAUTestRunner"/>
</testsuite> <!-- kajima.venueadmin.runner.BAUTestRunner -->
