<?xml version="1.0" encoding="UTF-8"?>
<!-- Generated by org.testng.reporters.JUnitReportReporter -->
<testsuite skipped="0" hostname="DESKTOP-L2S6FMP" name="kajima.venueadmin.runner.TestRunner" tests="5" failures="0" timestamp="29 May 2020 11:28:26 GMT" time="0.204" errors="0">
  <testcase name="feature" time="0.017" classname="kajima.venueadmin.runner.TestRunner"/>
  <testcase name="feature" time="0.092" classname="kajima.venueadmin.runner.TestRunner"/>
  <testcase name="feature" time="0.072" classname="kajima.venueadmin.runner.TestRunner"/>
  <testcase name="feature" time="0.012" classname="kajima.venueadmin.runner.TestRunner"/>
  <testcase name="feature" time="0.011" classname="kajima.venueadmin.runner.TestRunner"/>
</testsuite> <!-- kajima.venueadmin.runner.TestRunner -->
